<?xml version="1.0" encoding="UTF-8"?>
<testng-results ignored="0" total="1" passed="1" failed="0" skipped="0">
  <reporter-output>
  </reporter-output>
  <suite started-at="2023-12-20T12:11:29 IST" name="Default suite" finished-at="2023-12-20T12:11:30 IST" duration-ms="903">
    <groups>
    </groups>
    <test started-at="2023-12-20T12:11:29 IST" name="Default test" finished-at="2023-12-20T12:11:30 IST" duration-ms="903">
      <class name="restassuredTests.CustomAPIGetPutPostPatchDelete">
        <test-method signature="putSubjects()[pri:0, instance:restassuredTests.CustomAPIGetPutPostPatchDelete@57d7f8ca]" started-at="2023-12-20T12:11:29 IST" name="putSubjects" finished-at="2023-12-20T12:11:30 IST" duration-ms="877" status="PASS">
          <reporter-output>
          </reporter-output>
        </test-method> <!-- putSubjects -->
      </class> <!-- restassuredTests.CustomAPIGetPutPostPatchDelete -->
    </test> <!-- Default test -->
  </suite> <!-- Default suite -->
</testng-results>
